18:17:33.937 [pool-2-thread-1] INFO  com.sageSerpent.neptunium.Main - 
18:17:34.338 [pool-2-thread-2] INFO  com.sageSerpent.neptunium.Main - 
18:17:35.857 [pool-2-thread-3] ERROR com.sageSerpent.neptunium.Main - Caught exception.
java.io.FileNotFoundException: 
	at java.io.FileInputStream.open0(Native Method) ~[?:1.8.0_66]
	at java.io.FileInputStream.open(Unknown Source) ~[?:1.8.0_66]
	at java.io.FileInputStream.<init>(Unknown Source) ~[?:1.8.0_66]
	at scala.reflect.io.File.inputStream(File.scala:63) ~[neptunium.cmd:1.0]
	at scala.reflect.io.PlainFile.input(PlainFile.scala:41) ~[neptunium.cmd:1.0]
	at scala.reflect.io.PlainFile.input(PlainFile.scala:23) ~[neptunium.cmd:1.0]
	at scala.reflect.io.AbstractFile.toByteArray(AbstractFile.scala:167) ~[neptunium.cmd:1.0]
	at scala.reflect.io.AbstractFile.toCharArray(AbstractFile.scala:161) ~[neptunium.cmd:1.0]
	at scala.reflect.internal.util.BatchSourceFile.<init>(SourceFile.scala:111) ~[neptunium.cmd:1.0]
	at com.sageSerpent.neptunium.FileProcessor$.discoverStructure(FileProcessor.scala:42) ~[neptunium.cmd:1.0]
	at com.sageSerpent.neptunium.Main$$anonfun$5$$anonfun$apply$4$$anonfun$9$$anonfun$1.apply$mcV$sp(Main.scala:59) ~[neptunium.cmd:1.0]
	at com.sageSerpent.neptunium.Main$$anonfun$5$$anonfun$apply$4$$anonfun$9$$anonfun$1.apply(Main.scala:59) ~[neptunium.cmd:1.0]
	at com.sageSerpent.neptunium.Main$$anonfun$5$$anonfun$apply$4$$anonfun$9$$anonfun$1.apply(Main.scala:59) ~[neptunium.cmd:1.0]
	at scalaz.concurrent.Task$.Try(Task.scala:387) ~[neptunium.cmd:1.0]
	at scalaz.concurrent.Task$$anonfun$apply$10.apply(Task.scala:287) ~[neptunium.cmd:1.0]
	at scalaz.concurrent.Task$$anonfun$apply$10.apply(Task.scala:287) ~[neptunium.cmd:1.0]
	at scalaz.concurrent.Future$$anonfun$apply$15$$anon$4.call(Future.scala:380) [neptunium.cmd:1.0]
	at scalaz.concurrent.Future$$anonfun$apply$15$$anon$4.call(Future.scala:380) [neptunium.cmd:1.0]
	at java.util.concurrent.FutureTask.run(Unknown Source) [?:1.8.0_66]
	at java.util.concurrent.ThreadPoolExecutor.runWorker(Unknown Source) [?:1.8.0_66]
	at java.util.concurrent.ThreadPoolExecutor$Worker.run(Unknown Source) [?:1.8.0_66]
	at java.lang.Thread.run(Unknown Source) [?:1.8.0_66]
18:17:35.873 [pool-2-thread-4] INFO  com.sageSerpent.neptunium.Main - 
18:17:35.875 [pool-2-thread-1] INFO  com.sageSerpent.neptunium.Main - 
18:17:36.461 [pool-2-thread-4] ERROR com.sageSerpent.neptunium.Main - Caught exception.
java.io.FileNotFoundException: 
	at java.io.FileInputStream.open0(Native Method) ~[?:1.8.0_66]
	at java.io.FileInputStream.open(Unknown Source) ~[?:1.8.0_66]
	at java.io.FileInputStream.<init>(Unknown Source) ~[?:1.8.0_66]
	at scala.reflect.io.File.inputStream(File.scala:63) ~[neptunium.cmd:1.0]
	at scala.reflect.io.PlainFile.input(PlainFile.scala:41) ~[neptunium.cmd:1.0]
	at scala.reflect.io.PlainFile.input(PlainFile.scala:23) ~[neptunium.cmd:1.0]
	at scala.reflect.io.AbstractFile.toByteArray(AbstractFile.scala:167) ~[neptunium.cmd:1.0]
	at scala.reflect.io.AbstractFile.toCharArray(AbstractFile.scala:161) ~[neptunium.cmd:1.0]
	at scala.reflect.internal.util.BatchSourceFile.<init>(SourceFile.scala:111) ~[neptunium.cmd:1.0]
	at com.sageSerpent.neptunium.FileProcessor$.discoverStructure(FileProcessor.scala:42) ~[neptunium.cmd:1.0]
	at com.sageSerpent.neptunium.Main$$anonfun$5$$anonfun$apply$4$$anonfun$9$$anonfun$1.apply$mcV$sp(Main.scala:59) ~[neptunium.cmd:1.0]
	at com.sageSerpent.neptunium.Main$$anonfun$5$$anonfun$apply$4$$anonfun$9$$anonfun$1.apply(Main.scala:59) ~[neptunium.cmd:1.0]
	at com.sageSerpent.neptunium.Main$$anonfun$5$$anonfun$apply$4$$anonfun$9$$anonfun$1.apply(Main.scala:59) ~[neptunium.cmd:1.0]
	at scalaz.concurrent.Task$.Try(Task.scala:387) ~[neptunium.cmd:1.0]
	at scalaz.concurrent.Task$$anonfun$apply$10.apply(Task.scala:287) ~[neptunium.cmd:1.0]
	at scalaz.concurrent.Task$$anonfun$apply$10.apply(Task.scala:287) ~[neptunium.cmd:1.0]
	at scalaz.concurrent.Future$$anonfun$apply$15$$anon$4.call(Future.scala:380) [neptunium.cmd:1.0]
	at scalaz.concurrent.Future$$anonfun$apply$15$$anon$4.call(Future.scala:380) [neptunium.cmd:1.0]
	at java.util.concurrent.FutureTask.run(Unknown Source) [?:1.8.0_66]
	at java.util.concurrent.ThreadPoolExecutor.runWorker(Unknown Source) [?:1.8.0_66]
	at java.util.concurrent.ThreadPoolExecutor$Worker.run(Unknown Source) [?:1.8.0_66]
	at java.lang.Thread.run(Unknown Source) [?:1.8.0_66]
18:17:39.066 [pool-2-thread-4] INFO  com.sageSerpent.neptunium.Main - end
